<?xml version="1.0" encoding="UTF-8"?>
<beans xmlns="http://www.springframework.org/schema/beans" xmlns:xsi="http://www.w3.org/2001/XMLSchema-instance"
	xmlns:context="http://www.springframework.org/schema/context"
	xsi:schemaLocation="http://www.springframework.org/schema/beans http://www.springframework.org/schema/beans/spring-beans-3.2.xsd
    http://www.springframework.org/schema/context http://www.springframework.org/schema/context/spring-context-3.2.xsd">
	
	<import resource="classpath:spring/catalog-properties-context.xml" />
	<import resource="classpath:spring/sentilo-platform-client.xml" />
	<import resource="classpath:spring/catalog-persistence-context.xml" />

	<context:annotation-config />

	<!-- Scans within the service packages,and sub-packages, of the application for @Components to configure as beans -->
	<bean id="userService" class="org.sentilo.web.catalog.service.impl.UserServiceImpl" />

	<context:component-scan base-package="org.sentilo.web.catalog" />

	<bean id="validator" class="org.springframework.validation.beanvalidation.LocalValidatorFactoryBean" />
</beans>